# JRE version: Java(TM) SE Runtime Environment 18.9 (11.0.14+8) (build 11.0.14+8-LTS-263)
# Java VM: Java HotSpot(TM) 64-Bit Server VM 18.9 (11.0.14+8-LTS-263, mixed mode, tiered, compressed oops, g1 gc, bsd-amd64)
Heap:
 garbage-first heap   total 131072K, used 52651K [0x0000000780000000, 0x0000000800000000)
  region size 1024K, 37 young (37888K), 2 survivors (2048K)
 Metaspace       used 31048K, capacity 32444K, committed 32768K, reserved 1077248K
  class space    used 3958K, capacity 4537K, committed 4608K, reserved 1048576K
GC Heap History (10 events):
Event: 0.993 GC heap before
{Heap before GC invocations=0 (full 0):
 garbage-first heap   total 131072K, used 23552K [0x0000000780000000, 0x0000000800000000)
  region size 1024K, 24 young (24576K), 0 survivors (0K)
 Metaspace       used 12204K, capacity 12600K, committed 12928K, reserved 1060864K
  class space    used 1199K, capacity 1373K, committed 1408K, reserved 1048576K
}
Event: 0.997 GC heap after
{Heap after GC invocations=1 (full 0):
 garbage-first heap   total 131072K, used 3587K [0x0000000780000000, 0x0000000800000000)
  region size 1024K, 3 young (3072K), 3 survivors (3072K)
 Metaspace       used 12204K, capacity 12600K, committed 12928K, reserved 1060864K
  class space    used 1199K, capacity 1373K, committed 1408K, reserved 1048576K
}
Event: 1.713 GC heap before
{Heap before GC invocations=1 (full 0):
 garbage-first heap   total 131072K, used 32259K [0x0000000780000000, 0x0000000800000000)
  region size 1024K, 32 young (32768K), 3 survivors (3072K)
 Metaspace       used 20608K, capacity 21121K, committed 21248K, reserved 1067008K
  class space    used 2495K, capacity 2731K, committed 2816K, reserved 1048576K
}
Event: 1.720 GC heap after
{Heap after GC invocations=2 (full 0):
 garbage-first heap   total 131072K, used 7683K [0x0000000780000000, 0x0000000800000000)
  region size 1024K, 7 young (7168K), 7 survivors (7168K)
 Metaspace       used 20608K, capacity 21121K, committed 21248K, reserved 1067008K
  class space    used 2495K, capacity 2731K, committed 2816K, reserved 1048576K
}
Event: 9.604 GC heap before
{Heap before GC invocations=3 (full 0):
 garbage-first heap   total 131072K, used 46595K [0x0000000780000000, 0x0000000800000000)
  region size 1024K, 44 young (45056K), 7 survivors (7168K)
 Metaspace       used 29521K, capacity 30877K, committed 31232K, reserved 1075200K
  class space    used 3923K, capacity 4491K, committed 4608K, reserved 1048576K
}
Event: 9.620 GC heap after
{Heap after GC invocations=4 (full 0):
 garbage-first heap   total 131072K, used 13995K [0x0000000780000000, 0x0000000800000000)
  region size 1024K, 5 young (5120K), 5 survivors (5120K)
 Metaspace       used 29521K, capacity 30877K, committed 31232K, reserved 1075200K
  class space    used 3923K, capacity 4491K, committed 4608K, reserved 1048576K
}
Event: 12.422 GC heap before
{Heap before GC invocations=4 (full 0):
 garbage-first heap   total 131072K, used 75435K [0x0000000780000000, 0x0000000800000000)
  region size 1024K, 18 young (18432K), 5 survivors (5120K)
 Metaspace       used 30575K, capacity 31909K, committed 32256K, reserved 1077248K
  class space    used 3953K, capacity 4531K, committed 4608K, reserved 1048576K
}
Event: 12.432 GC heap after
{Heap after GC invocations=5 (full 0):
 garbage-first heap   total 131072K, used 15579K [0x0000000780000000, 0x0000000800000000)
  region size 1024K, 2 young (2048K), 2 survivors (2048K)
 Metaspace       used 30575K, capacity 31909K, committed 32256K, reserved 1077248K
  class space    used 3953K, capacity 4531K, committed 4608K, reserved 1048576K
}
Event: 32.984 GC heap before
{Heap before GC invocations=6 (full 0):
 garbage-first heap   total 131072K, used 67803K [0x0000000780000000, 0x0000000800000000)
  region size 1024K, 51 young (52224K), 2 survivors (2048K)
 Metaspace       used 31046K, capacity 32444K, committed 32768K, reserved 1077248K
  class space    used 3958K, capacity 4537K, committed 4608K, reserved 1048576K
}
Event: 33.066 GC heap after
{Heap after GC invocations=7 (full 0):
 garbage-first heap   total 131072K, used 17835K [0x0000000780000000, 0x0000000800000000)
  region size 1024K, 2 young (2048K), 2 survivors (2048K)
 Metaspace       used 31046K, capacity 32444K, committed 32768K, reserved 1077248K
  class space    used 3958K, capacity 4537K, committed 4608K, reserved 1048576K
}

